正在 Ping tset.is-cute.cat [192.168.1.1] 具有 32 字节的数据:
请求超时。

192.168.1.1 的 Ping 统计信息:
    数据包: 已发送 = 1，已接收 = 0，丢失 = 1 (100% 丢失)，
Control-C
PS C:\Users\str123> ping tset.is-cute.cat.is-cute.cat

正在 Ping tset.is-cute.cat.is-cute.cat [192.168.1.2] 具有 32 字节的数据:
请求超时。


新域名申请
----------------------------------------
申请人: vahiru
域名: tset.is-cute.cat.is-cute.cat
类型: A
值: 192.168.1.2
TTL: 3600
代理: 否
用途: 更新记录 ID: 8e805fd316c4fe0552b620cc77b864ba
状态: approved
投票截止: 2025/10/30 15:19:37

赞成票: 2 (vahiru, Yuki)
反对票: 0 (无)

处理结果: 快速通道批准 (赞成: 2, 反对: 0)